<?xml version="1.0" encoding="UTF-8"?>
<!-- Generated by org.testng.reporters.JUnitXMLReporter -->
<testsuite ignored="0" hostname="QT-INHD-LT0145" failures="0" tests="16" name="Surefire test" time="17.995" errors="0" timestamp="2025-03-25T12:42:46 IST">
  <testcase classname="RestLibrary.RestAssuredDemoProject.TestGetMethod" name="checkResult" time="2.528"/>
  <testcase classname="RestLibrary.RestAssuredDemoProject.TestJsonPathJResponse" name="testExtractOneToAnother" time="1.982"/>
  <testcase classname="RestLibrary.RestAssuredDemoProject.TestJsonPathJResponse" name="testForCollectionAcess" time="2.205"/>
  <testcase classname="RestLibrary.RestAssuredDemoProject.TestJsonPathJResponse" name="testForCollectionAllFilterAcess" time="0.748"/>
  <testcase classname="RestLibrary.RestAssuredDemoProject.TestJsonPathJResponse" name="testUsingJsonNested" time="1.272"/>
  <testcase classname="RestLibrary.RestAssuredDemoProject.TestJsonPathJResponse" name="testUsingJsonPath" time="0.649"/>
  <testcase classname="RestLibrary.RestAssuredDemoProject.TestJsonPathJResponse" name="testUsingRootJsonNested" time="0.709"/>
  <testcase classname="RestLibrary.RestAssuredDemoProject.TestJsonPathJResponse" name="testUsingString" time="0.597"/>
  <testcase classname="RestLibrary.RestAssuredDemoProject.TestPathAndQueryParam" name="TestPathCarts" time="0.634"/>
  <testcase classname="RestLibrary.RestAssuredDemoProject.TestPathAndQueryParam" name="TestProduts" time="0.525"/>
  <testcase classname="RestLibrary.RestAssuredDemoProject.TestPathAndQueryParam" name="TestQueryCarts" time="0.682"/>
  <testcase classname="RestLibrary.RestAssuredDemoProject.TestRestPeekPrintClass" name="getTest" time="0.194"/>
  <testcase classname="RestLibrary.RestAssuredDemoProject.TestRestPeekPrintClass" name="peekTest" time="1.323"/>
  <testcase classname="RestLibrary.RestAssuredDemoProject.TestRestPeekPrintClass" name="prettyPeekTest" time="1.336"/>
  <testcase classname="RestLibrary.RestAssuredDemoProject.TestRestPeekPrintClass" name="prettyPrintTest" time="1.241"/>
  <testcase classname="RestLibrary.RestAssuredDemoProject.TestRestPeekPrintClass" name="printTest" time="1.324"/>
</testsuite> <!-- Surefire test -->
