<?xml version="1.0" encoding="UTF-8"?>
<!-- Generated by org.testng.reporters.JUnitXMLReporter -->
<testsuite ignored="1" hostname="QT-INHD-LT0145" failures="0" tests="1" name="Default test" time="2.167" errors="0" timestamp="2025-03-25T12:54:23 IST">
  <testcase classname="RestLibrary.RestAssuredDemoProject.DeserilizationJsonResponse" name="getNestedDataUsingDeserilization" time="2.127"/>
  <testcase classname="RestLibrary.RestAssuredDemoProject.DeserilizationJsonResponse" name="getDataUsingDeserilization" time="0.0">
    <ignored/>
  </testcase> <!-- getDataUsingDeserilization -->
</testsuite> <!-- Default test -->
