<?xml version="1.0" encoding="UTF-8"?>
<!-- Generated by org.testng.reporters.JUnitXMLReporter -->
<testsuite ignored="0" hostname="QT-INHD-LT0145" failures="0" tests="42" name="Test" time="51.768" errors="0" timestamp="2025-04-02T18:45:51 IST">
  <testcase classname="RestLibrary.RestAssuredDemoProject.PostWithHeadOptionMethod" name="testHeadMethod" time="8.083"/>
  <testcase classname="RestLibrary.RestAssuredDemoProject.PostWithHeadOptionMethod" name="testOptionsMethod" time="5.392"/>
  <testcase classname="RestLibrary.RestAssuredDemoProject.PostWithHeadOptionMethod" name="testPostUsers" time="3.018"/>
  <testcase classname="RestLibrary.RestAssuredDemoProject.PostWithHeadOptionMethod" name="testPostUsersUsingJSONObject" time="0.636"/>
  <testcase classname="RestLibrary.RestAssuredDemoProject.PostWithHeadOptionMethod" name="testPostUsersUsingOnjectMapper" time="1.33"/>
  <testcase classname="RestLibrary.RestAssuredDemoProject.TestPathAndQueryParam" name="TestPathCarts" time="0.805"/>
  <testcase classname="RestLibrary.RestAssuredDemoProject.TestPathAndQueryParam" name="TestProduts" time="0.65"/>
  <testcase classname="RestLibrary.RestAssuredDemoProject.TestPathAndQueryParam" name="TestQueryCarts" time="0.738"/>
  <testcase classname="RestLibrary.RestAssuredDemoProject.TestRestPeekPrintClass" name="getTest" time="0.214"/>
  <testcase classname="RestLibrary.RestAssuredDemoProject.TestRestPeekPrintClass" name="peekTest" time="4.145"/>
  <testcase classname="RestLibrary.RestAssuredDemoProject.TestRestPeekPrintClass" name="prettyPeekTest" time="2.82"/>
  <testcase classname="RestLibrary.RestAssuredDemoProject.TestRestPeekPrintClass" name="prettyPrintTest" time="4.591"/>
  <testcase classname="RestLibrary.RestAssuredDemoProject.TestRestPeekPrintClass" name="printTest" time="2.603"/>
  <testcase classname="RestLibrary.RestAssuredDemoProject.TestGetMethod" name="checkResult" time="1.722"/>
  <testcase classname="RestLibrary.RestAssuredDemoProject.TestJsonPathJResponse" name="testExtractOneToAnother" time="1.975"/>
  <testcase classname="RestLibrary.RestAssuredDemoProject.TestJsonPathJResponse" name="testForCollectionAcess" time="2.507"/>
  <testcase classname="RestLibrary.RestAssuredDemoProject.TestJsonPathJResponse" name="testForCollectionAllFilterAcess" time="0.767"/>
  <testcase classname="RestLibrary.RestAssuredDemoProject.TestJsonPathJResponse" name="testUsingJsonNested" time="0.826"/>
  <testcase classname="RestLibrary.RestAssuredDemoProject.TestJsonPathJResponse" name="testUsingJsonPath" time="0.846"/>
  <testcase classname="RestLibrary.RestAssuredDemoProject.TestJsonPathJResponse" name="testUsingRootJsonNested" time="0.859"/>
  <testcase classname="RestLibrary.RestAssuredDemoProject.TestJsonPathJResponse" name="testUsingString" time="0.899"/>
  <testcase classname="RestLibrary.RestAssuredDemoProject.HamcrestFirstClass" name="TestBetweek" time="0.003"/>
  <testcase classname="RestLibrary.RestAssuredDemoProject.HamcrestFirstClass" name="TestCloseTo" time="0.002"/>
  <testcase classname="RestLibrary.RestAssuredDemoProject.HamcrestFirstClass" name="TestEither" time="0.001"/>
  <testcase classname="RestLibrary.RestAssuredDemoProject.HamcrestFirstClass" name="TestEqual" time="0.0"/>
  <testcase classname="RestLibrary.RestAssuredDemoProject.HamcrestFirstClass" name="TestGreaterThan" time="0.002"/>
  <testcase classname="RestLibrary.RestAssuredDemoProject.HamcrestFirstClass" name="TestGreaterThanEqual" time="0.003"/>
  <testcase classname="RestLibrary.RestAssuredDemoProject.HamcrestFirstClass" name="TestLessThan" time="0.0"/>
  <testcase classname="RestLibrary.RestAssuredDemoProject.HamcrestFirstClass" name="TestLessThanEqual" time="0.002"/>
  <testcase classname="RestLibrary.RestAssuredDemoProject.HamcrestFirstClass" name="TestStringFunctions" time="0.009"/>
  <testcase classname="RestLibrary.RestAssuredDemoProject.CRUD_Basic" name="deleteData" time="0.774"/>
  <testcase classname="RestLibrary.RestAssuredDemoProject.CRUD_Basic" name="getData" time="0.64"/>
  <testcase classname="RestLibrary.RestAssuredDemoProject.CRUD_Basic" name="patchData" time="0.559"/>
  <testcase classname="RestLibrary.RestAssuredDemoProject.CRUD_Basic" name="postData" time="0.817"/>
  <testcase classname="RestLibrary.RestAssuredDemoProject.CRUD_Basic" name="putData" time="0.614"/>
  <testcase classname="RestLibrary.RestAssuredDemoProject.HamrestCollectArray" name="testIfArrayFunction" time="0.009"/>
  <testcase classname="RestLibrary.RestAssuredDemoProject.HamrestCollectArray" name="testIfListFunction" time="0.004"/>
  <testcase classname="RestLibrary.RestAssuredDemoProject.HamrestCollectArray" name="testIfMapFunction" time="0.005"/>
  <testcase classname="RestLibrary.RestAssuredDemoProject.HamrestHeaders" name="checkDateHeaders" time="0.623"/>
  <testcase classname="RestLibrary.RestAssuredDemoProject.HamrestHeaders" name="checkHeaders" time="0.636"/>
  <testcase classname="RestLibrary.RestAssuredDemoProject.HamrestHeaders" name="checkJsonHeader" time="0.787"/>
  <testcase classname="RestLibrary.RestAssuredDemoProject.HamrestHeaders" name="checkJsonsHeader" time="0.595"/>
</testsuite> <!-- Test -->
