<?xml version="1.0" encoding="UTF-8"?>
<testng-results ignored="0" total="16" passed="16" failed="0" skipped="0">
  <reporter-output>
  </reporter-output>
  <suite started-at="2025-03-25T12:42:28 IST" name="Surefire suite" finished-at="2025-03-25T12:42:46 IST" duration-ms="17995">
    <groups>
    </groups>
    <test started-at="2025-03-25T12:42:28 IST" name="Surefire test" finished-at="2025-03-25T12:42:46 IST" duration-ms="17995">
      <class name="RestLibrary.RestAssuredDemoProject.TestJsonPathJResponse">
        <test-method signature="testExtractOneToAnother()[pri:0, instance:RestLibrary.RestAssuredDemoProject.TestJsonPathJResponse@4278a03f]" started-at="2025-03-25T12:42:31 IST" name="testExtractOneToAnother" finished-at="2025-03-25T12:42:33 IST" duration-ms="1982" status="PASS">
          <reporter-output>
          </reporter-output>
        </test-method> <!-- testExtractOneToAnother -->
        <test-method signature="testForCollectionAcess()[pri:0, instance:RestLibrary.RestAssuredDemoProject.TestJsonPathJResponse@4278a03f]" started-at="2025-03-25T12:42:33 IST" name="testForCollectionAcess" finished-at="2025-03-25T12:42:35 IST" duration-ms="2205" status="PASS">
          <reporter-output>
          </reporter-output>
        </test-method> <!-- testForCollectionAcess -->
        <test-method signature="testForCollectionAllFilterAcess()[pri:0, instance:RestLibrary.RestAssuredDemoProject.TestJsonPathJResponse@4278a03f]" started-at="2025-03-25T12:42:35 IST" name="testForCollectionAllFilterAcess" finished-at="2025-03-25T12:42:36 IST" duration-ms="748" status="PASS">
          <reporter-output>
          </reporter-output>
        </test-method> <!-- testForCollectionAllFilterAcess -->
        <test-method signature="testUsingJsonNested()[pri:0, instance:RestLibrary.RestAssuredDemoProject.TestJsonPathJResponse@4278a03f]" started-at="2025-03-25T12:42:36 IST" name="testUsingJsonNested" finished-at="2025-03-25T12:42:37 IST" duration-ms="1272" status="PASS">
          <reporter-output>
          </reporter-output>
        </test-method> <!-- testUsingJsonNested -->
        <test-method signature="testUsingJsonPath()[pri:0, instance:RestLibrary.RestAssuredDemoProject.TestJsonPathJResponse@4278a03f]" started-at="2025-03-25T12:42:37 IST" name="testUsingJsonPath" finished-at="2025-03-25T12:42:37 IST" duration-ms="649" status="PASS">
          <reporter-output>
          </reporter-output>
        </test-method> <!-- testUsingJsonPath -->
        <test-method signature="testUsingRootJsonNested()[pri:0, instance:RestLibrary.RestAssuredDemoProject.TestJsonPathJResponse@4278a03f]" started-at="2025-03-25T12:42:37 IST" name="testUsingRootJsonNested" finished-at="2025-03-25T12:42:38 IST" duration-ms="709" status="PASS">
          <reporter-output>
          </reporter-output>
        </test-method> <!-- testUsingRootJsonNested -->
        <test-method signature="testUsingString()[pri:0, instance:RestLibrary.RestAssuredDemoProject.TestJsonPathJResponse@4278a03f]" started-at="2025-03-25T12:42:38 IST" name="testUsingString" finished-at="2025-03-25T12:42:39 IST" duration-ms="597" status="PASS">
          <reporter-output>
          </reporter-output>
        </test-method> <!-- testUsingString -->
      </class> <!-- RestLibrary.RestAssuredDemoProject.TestJsonPathJResponse -->
      <class name="RestLibrary.RestAssuredDemoProject.TestGetMethod">
        <test-method signature="checkResult()[pri:0, instance:RestLibrary.RestAssuredDemoProject.TestGetMethod@d706f19]" started-at="2025-03-25T12:42:28 IST" name="checkResult" finished-at="2025-03-25T12:42:31 IST" duration-ms="2528" status="PASS">
          <reporter-output>
          </reporter-output>
        </test-method> <!-- checkResult -->
      </class> <!-- RestLibrary.RestAssuredDemoProject.TestGetMethod -->
      <class name="RestLibrary.RestAssuredDemoProject.TestRestPeekPrintClass">
        <test-method signature="getTest()[pri:0, instance:RestLibrary.RestAssuredDemoProject.TestRestPeekPrintClass@61dd025]" started-at="2025-03-25T12:42:41 IST" name="getTest" finished-at="2025-03-25T12:42:41 IST" duration-ms="194" status="PASS">
          <reporter-output>
          </reporter-output>
        </test-method> <!-- getTest -->
        <test-method signature="peekTest()[pri:0, instance:RestLibrary.RestAssuredDemoProject.TestRestPeekPrintClass@61dd025]" started-at="2025-03-25T12:42:41 IST" name="peekTest" finished-at="2025-03-25T12:42:42 IST" duration-ms="1323" status="PASS">
          <reporter-output>
          </reporter-output>
        </test-method> <!-- peekTest -->
        <test-method signature="prettyPeekTest()[pri:0, instance:RestLibrary.RestAssuredDemoProject.TestRestPeekPrintClass@61dd025]" started-at="2025-03-25T12:42:42 IST" name="prettyPeekTest" finished-at="2025-03-25T12:42:43 IST" duration-ms="1336" status="PASS">
          <reporter-output>
          </reporter-output>
        </test-method> <!-- prettyPeekTest -->
        <test-method signature="prettyPrintTest()[pri:0, instance:RestLibrary.RestAssuredDemoProject.TestRestPeekPrintClass@61dd025]" started-at="2025-03-25T12:42:43 IST" name="prettyPrintTest" finished-at="2025-03-25T12:42:45 IST" duration-ms="1241" status="PASS">
          <reporter-output>
          </reporter-output>
        </test-method> <!-- prettyPrintTest -->
        <test-method signature="printTest()[pri:0, instance:RestLibrary.RestAssuredDemoProject.TestRestPeekPrintClass@61dd025]" started-at="2025-03-25T12:42:45 IST" name="printTest" finished-at="2025-03-25T12:42:46 IST" duration-ms="1324" status="PASS">
          <reporter-output>
          </reporter-output>
        </test-method> <!-- printTest -->
      </class> <!-- RestLibrary.RestAssuredDemoProject.TestRestPeekPrintClass -->
      <class name="RestLibrary.RestAssuredDemoProject.TestPathAndQueryParam">
        <test-method signature="TestPathCarts()[pri:0, instance:RestLibrary.RestAssuredDemoProject.TestPathAndQueryParam@147ed70f]" started-at="2025-03-25T12:42:39 IST" name="TestPathCarts" finished-at="2025-03-25T12:42:39 IST" duration-ms="634" status="PASS">
          <reporter-output>
          </reporter-output>
        </test-method> <!-- TestPathCarts -->
        <test-method signature="TestProduts()[pri:0, instance:RestLibrary.RestAssuredDemoProject.TestPathAndQueryParam@147ed70f]" started-at="2025-03-25T12:42:39 IST" name="TestProduts" finished-at="2025-03-25T12:42:40 IST" duration-ms="525" status="PASS">
          <reporter-output>
          </reporter-output>
        </test-method> <!-- TestProduts -->
        <test-method signature="TestQueryCarts()[pri:0, instance:RestLibrary.RestAssuredDemoProject.TestPathAndQueryParam@147ed70f]" started-at="2025-03-25T12:42:40 IST" name="TestQueryCarts" finished-at="2025-03-25T12:42:41 IST" duration-ms="682" status="PASS">
          <reporter-output>
          </reporter-output>
        </test-method> <!-- TestQueryCarts -->
      </class> <!-- RestLibrary.RestAssuredDemoProject.TestPathAndQueryParam -->
    </test> <!-- Surefire test -->
  </suite> <!-- Surefire suite -->
</testng-results>
